{"message":"bump targets should not be provided with init. Please use bump without a target.","code":null,"level":"error","spans":[{"file_name":"programs/solana-jackpot/src/lib.rs","byte_start":1016,"byte_end":1020,"line_start":36,"line_end":36,"column_start":13,"column_end":17,"is_primary":true,"text":[{"text":"            bump = bump_value,","highlight_start":13,"highlight_end":17}],"label":null,"suggested_replacement":null,"suggestion_applicability":null,"expansion":null}],"children":[],"rendered":"\u001b[0m\u001b[1m\u001b[38;5;9merror\u001b[0m\u001b[0m\u001b[1m: bump targets should not be provided with init. Please use bump without a target.\u001b[0m\n\u001b[0m  \u001b[0m\u001b[0m\u001b[1m\u001b[38;5;12m--> \u001b[0m\u001b[0mprograms/solana-jackpot/src/lib.rs:36:13\u001b[0m\n\u001b[0m   \u001b[0m\u001b[0m\u001b[1m\u001b[38;5;12m|\u001b[0m\n\u001b[0m\u001b[1m\u001b[38;5;12m36\u001b[0m\u001b[0m \u001b[0m\u001b[0m\u001b[1m\u001b[38;5;12m| \u001b[0m\u001b[0m            bump = bump_value,\u001b[0m\n\u001b[0m   \u001b[0m\u001b[0m\u001b[1m\u001b[38;5;12m| \u001b[0m\u001b[0m            \u001b[0m\u001b[0m\u001b[1m\u001b[38;5;9m^^^^\u001b[0m\n\n"}
{"message":"unresolved import `crate`","code":{"code":"E0432","explanation":"An import was unresolved.\n\nErroneous code example:\n\n```compile_fail,E0432\nuse something::Foo; // error: unresolved import `something::Foo`.\n```\n\nIn Rust 2015, paths in `use` statements are relative to the crate root. To\nimport items relative to the current and parent modules, use the `self::` and\n`super::` prefixes, respectively.\n\nIn Rust 2018, paths in `use` statements are relative to the current module\nunless they begin with the name of a crate or a literal `crate::`, in which\ncase they start from the crate root. As in Rust 2015 code, the `self::` and\n`super::` prefixes refer to the current and parent modules respectively.\n\nAlso verify that you didn't misspell the import name and that the import exists\nin the module from where you tried to import it. Example:\n\n```\nuse self::something::Foo; // Ok.\n\nmod something {\n    pub struct Foo;\n}\n# fn main() {}\n```\n\nIf you tried to use a module from an external crate and are using Rust 2015,\nyou may have missed the `extern crate` declaration (which is usually placed in\nthe crate root):\n\n```edition2015\nextern crate core; // Required to use the `core` crate in Rust 2015.\n\nuse core::any;\n# fn main() {}\n```\n\nIn Rust 2018 the `extern crate` declaration is not required and you can instead\njust `use` it:\n\n```edition2018\nuse core::any; // No extern crate required in Rust 2018.\n# fn main() {}\n```\n"},"level":"error","spans":[{"file_name":"programs/solana-jackpot/src/lib.rs","byte_start":144,"byte_end":154,"line_start":6,"line_end":6,"column_start":1,"column_end":11,"is_primary":true,"text":[{"text":"#[program]","highlight_start":1,"highlight_end":11}],"label":"could not find `__client_accounts_initialize_bet` in the crate root","suggested_replacement":null,"suggestion_applicability":null,"expansion":{"span":{"file_name":"programs/solana-jackpot/src/lib.rs","byte_start":144,"byte_end":154,"line_start":6,"line_end":6,"column_start":1,"column_end":11,"is_primary":false,"text":[{"text":"#[program]","highlight_start":1,"highlight_end":11}],"label":null,"suggested_replacement":null,"suggestion_applicability":null,"expansion":null},"macro_decl_name":"#[program]","def_site_span":{"file_name":"/Users/rahul703/.cargo/registry/src/github.com-1ecc6299db9ec823/anchor-attribute-program-0.25.0/src/lib.rs","byte_start":234,"byte_end":350,"line_start":9,"line_end":12,"column_start":1,"column_end":29,"is_primary":false,"text":[{"text":"pub fn program(","highlight_start":1,"highlight_end":1},{"text":"    _args: proc_macro::TokenStream,","highlight_start":1,"highlight_end":1},{"text":"    input: proc_macro::TokenStream,","highlight_start":1,"highlight_end":1},{"text":") -> proc_macro::TokenStream {","highlight_start":1,"highlight_end":29}],"label":null,"suggested_replacement":null,"suggestion_applicability":null,"expansion":null}}}],"children":[],"rendered":"\u001b[0m\u001b[1m\u001b[38;5;9merror[E0432]\u001b[0m\u001b[0m\u001b[1m: unresolved import `crate`\u001b[0m\n\u001b[0m \u001b[0m\u001b[0m\u001b[1m\u001b[38;5;12m--> \u001b[0m\u001b[0mprograms/solana-jackpot/src/lib.rs:6:1\u001b[0m\n\u001b[0m  \u001b[0m\u001b[0m\u001b[1m\u001b[38;5;12m|\u001b[0m\n\u001b[0m\u001b[1m\u001b[38;5;12m6\u001b[0m\u001b[0m \u001b[0m\u001b[0m\u001b[1m\u001b[38;5;12m| \u001b[0m\u001b[0m#[program]\u001b[0m\n\u001b[0m  \u001b[0m\u001b[0m\u001b[1m\u001b[38;5;12m| \u001b[0m\u001b[0m\u001b[1m\u001b[38;5;9m^^^^^^^^^^\u001b[0m\u001b[0m \u001b[0m\u001b[0m\u001b[1m\u001b[38;5;9mcould not find `__client_accounts_initialize_bet` in the crate root\u001b[0m\n\u001b[0m  \u001b[0m\u001b[0m\u001b[1m\u001b[38;5;12m|\u001b[0m\n\u001b[0m  \u001b[0m\u001b[0m\u001b[1m\u001b[38;5;12m= \u001b[0m\u001b[0m\u001b[1mnote\u001b[0m\u001b[0m: this error originates in the attribute macro `program` (in Nightly builds, run with -Z macro-backtrace for more info)\u001b[0m\n\n"}
{"message":"no function or associated item named `try_accounts` found for struct `InitializeBet` in the current scope","code":{"code":"E0599","explanation":"This error occurs when a method is used on a type which doesn't implement it:\n\nErroneous code example:\n\n```compile_fail,E0599\nstruct Mouth;\n\nlet x = Mouth;\nx.chocolate(); // error: no method named `chocolate` found for type `Mouth`\n               //        in the current scope\n```\n\nIn this case, you need to implement the `chocolate` method to fix the error:\n\n```\nstruct Mouth;\n\nimpl Mouth {\n    fn chocolate(&self) { // We implement the `chocolate` method here.\n        println!(\"Hmmm! I love chocolate!\");\n    }\n}\n\nlet x = Mouth;\nx.chocolate(); // ok!\n```\n"},"level":"error","spans":[{"file_name":"programs/solana-jackpot/src/lib.rs","byte_start":794,"byte_end":825,"line_start":30,"line_end":30,"column_start":1,"column_end":32,"is_primary":false,"text":[{"text":"pub struct InitializeBet<'info> {","highlight_start":1,"highlight_end":32}],"label":"function or associated item `try_accounts` not found for this","suggested_replacement":null,"suggestion_applicability":null,"expansion":null},{"file_name":"programs/solana-jackpot/src/lib.rs","byte_start":144,"byte_end":154,"line_start":6,"line_end":6,"column_start":1,"column_end":11,"is_primary":true,"text":[{"text":"#[program]","highlight_start":1,"highlight_end":11}],"label":"function or associated item not found in `InitializeBet<'_>`","suggested_replacement":null,"suggestion_applicability":null,"expansion":{"span":{"file_name":"programs/solana-jackpot/src/lib.rs","byte_start":144,"byte_end":154,"line_start":6,"line_end":6,"column_start":1,"column_end":11,"is_primary":false,"text":[{"text":"#[program]","highlight_start":1,"highlight_end":11}],"label":null,"suggested_replacement":null,"suggestion_applicability":null,"expansion":null},"macro_decl_name":"#[program]","def_site_span":{"file_name":"/Users/rahul703/.cargo/registry/src/github.com-1ecc6299db9ec823/anchor-attribute-program-0.25.0/src/lib.rs","byte_start":234,"byte_end":350,"line_start":9,"line_end":12,"column_start":1,"column_end":29,"is_primary":false,"text":[{"text":"pub fn program(","highlight_start":1,"highlight_end":16},{"text":"    _args: proc_macro::TokenStream,","highlight_start":1,"highlight_end":36},{"text":"    input: proc_macro::TokenStream,","highlight_start":1,"highlight_end":36},{"text":") -> proc_macro::TokenStream {","highlight_start":1,"highlight_end":29}],"label":null,"suggested_replacement":null,"suggestion_applicability":null,"expansion":null}}}],"children":[{"message":"items from traits can only be used if the trait is implemented and in scope","code":null,"level":"help","spans":[],"children":[],"rendered":null},{"message":"the following trait defines an item `try_accounts`, perhaps you need to implement it:\ncandidate #1: `anchor_lang::Accounts`","code":null,"level":"note","spans":[],"children":[],"rendered":null}],"rendered":"\u001b[0m\u001b[1m\u001b[38;5;9merror[E0599]\u001b[0m\u001b[0m\u001b[1m: no function or associated item named `try_accounts` found for struct `InitializeBet` in the current scope\u001b[0m\n\u001b[0m  \u001b[0m\u001b[0m\u001b[1m\u001b[38;5;12m--> \u001b[0m\u001b[0mprograms/solana-jackpot/src/lib.rs:6:1\u001b[0m\n\u001b[0m   \u001b[0m\u001b[0m\u001b[1m\u001b[38;5;12m|\u001b[0m\n\u001b[0m\u001b[1m\u001b[38;5;12m6\u001b[0m\u001b[0m  \u001b[0m\u001b[0m\u001b[1m\u001b[38;5;12m| \u001b[0m\u001b[0m#[program]\u001b[0m\n\u001b[0m   \u001b[0m\u001b[0m\u001b[1m\u001b[38;5;12m| \u001b[0m\u001b[0m\u001b[1m\u001b[38;5;9m^^^^^^^^^^\u001b[0m\u001b[0m \u001b[0m\u001b[0m\u001b[1m\u001b[38;5;9mfunction or associated item not found in `InitializeBet<'_>`\u001b[0m\n\u001b[0m\u001b[1m\u001b[38;5;12m...\u001b[0m\n\u001b[0m\u001b[1m\u001b[38;5;12m30\u001b[0m\u001b[0m \u001b[0m\u001b[0m\u001b[1m\u001b[38;5;12m| \u001b[0m\u001b[0mpub struct InitializeBet<'info> {\u001b[0m\n\u001b[0m   \u001b[0m\u001b[0m\u001b[1m\u001b[38;5;12m| \u001b[0m\u001b[0m\u001b[1m\u001b[38;5;12m-------------------------------\u001b[0m\u001b[0m \u001b[0m\u001b[0m\u001b[1m\u001b[38;5;12mfunction or associated item `try_accounts` not found for this\u001b[0m\n\u001b[0m   \u001b[0m\u001b[0m\u001b[1m\u001b[38;5;12m|\u001b[0m\n\u001b[0m   \u001b[0m\u001b[0m\u001b[1m\u001b[38;5;12m= \u001b[0m\u001b[0m\u001b[1mhelp\u001b[0m\u001b[0m: items from traits can only be used if the trait is implemented and in scope\u001b[0m\n\u001b[0m   \u001b[0m\u001b[0m\u001b[1m\u001b[38;5;12m= \u001b[0m\u001b[0m\u001b[1mnote\u001b[0m\u001b[0m: the following trait defines an item `try_accounts`, perhaps you need to implement it:\u001b[0m\n\u001b[0m           candidate #1: `anchor_lang::Accounts`\u001b[0m\n\u001b[0m   \u001b[0m\u001b[0m\u001b[1m\u001b[38;5;12m= \u001b[0m\u001b[0m\u001b[1mnote\u001b[0m\u001b[0m: this error originates in the attribute macro `program` (in Nightly builds, run with -Z macro-backtrace for more info)\u001b[0m\n\n"}
{"message":"the trait bound `InitializeBet<'_>: anchor_lang::Accounts<'_>` is not satisfied","code":{"code":"E0277","explanation":"You tried to use a type which doesn't implement some trait in a place which\nexpected that trait.\n\nErroneous code example:\n\n```compile_fail,E0277\n// here we declare the Foo trait with a bar method\ntrait Foo {\n    fn bar(&self);\n}\n\n// we now declare a function which takes an object implementing the Foo trait\nfn some_func<T: Foo>(foo: T) {\n    foo.bar();\n}\n\nfn main() {\n    // we now call the method with the i32 type, which doesn't implement\n    // the Foo trait\n    some_func(5i32); // error: the trait bound `i32 : Foo` is not satisfied\n}\n```\n\nIn order to fix this error, verify that the type you're using does implement\nthe trait. Example:\n\n```\ntrait Foo {\n    fn bar(&self);\n}\n\n// we implement the trait on the i32 type\nimpl Foo for i32 {\n    fn bar(&self) {}\n}\n\nfn some_func<T: Foo>(foo: T) {\n    foo.bar(); // we can now use this method since i32 implements the\n               // Foo trait\n}\n\nfn main() {\n    some_func(5i32); // ok!\n}\n```\n\nOr in a generic context, an erroneous code example would look like:\n\n```compile_fail,E0277\nfn some_func<T>(foo: T) {\n    println!(\"{:?}\", foo); // error: the trait `core::fmt::Debug` is not\n                           //        implemented for the type `T`\n}\n\nfn main() {\n    // We now call the method with the i32 type,\n    // which *does* implement the Debug trait.\n    some_func(5i32);\n}\n```\n\nNote that the error here is in the definition of the generic function. Although\nwe only call it with a parameter that does implement `Debug`, the compiler\nstill rejects the function. It must work with all possible input types. In\norder to make this example compile, we need to restrict the generic type we're\naccepting:\n\n```\nuse std::fmt;\n\n// Restrict the input type to types that implement Debug.\nfn some_func<T: fmt::Debug>(foo: T) {\n    println!(\"{:?}\", foo);\n}\n\nfn main() {\n    // Calling the method is still fine, as i32 implements Debug.\n    some_func(5i32);\n\n    // This would fail to compile now:\n    // struct WithoutDebug;\n    // some_func(WithoutDebug);\n}\n```\n\nRust only looks at the signature of the called function, as such it must\nalready specify all requirements that will be used for every type parameter.\n"},"level":"error","spans":[{"file_name":"programs/solana-jackpot/src/lib.rs","byte_start":144,"byte_end":154,"line_start":6,"line_end":6,"column_start":1,"column_end":11,"is_primary":true,"text":[{"text":"#[program]","highlight_start":1,"highlight_end":11}],"label":"the trait `anchor_lang::Accounts<'_>` is not implemented for `InitializeBet<'_>`","suggested_replacement":null,"suggestion_applicability":null,"expansion":{"span":{"file_name":"programs/solana-jackpot/src/lib.rs","byte_start":144,"byte_end":154,"line_start":6,"line_end":6,"column_start":1,"column_end":11,"is_primary":false,"text":[{"text":"#[program]","highlight_start":1,"highlight_end":11}],"label":null,"suggested_replacement":null,"suggestion_applicability":null,"expansion":null},"macro_decl_name":"#[program]","def_site_span":{"file_name":"/Users/rahul703/.cargo/registry/src/github.com-1ecc6299db9ec823/anchor-attribute-program-0.25.0/src/lib.rs","byte_start":234,"byte_end":350,"line_start":9,"line_end":12,"column_start":1,"column_end":29,"is_primary":false,"text":[{"text":"pub fn program(","highlight_start":1,"highlight_end":16},{"text":"    _args: proc_macro::TokenStream,","highlight_start":1,"highlight_end":36},{"text":"    input: proc_macro::TokenStream,","highlight_start":1,"highlight_end":36},{"text":") -> proc_macro::TokenStream {","highlight_start":1,"highlight_end":29}],"label":null,"suggested_replacement":null,"suggestion_applicability":null,"expansion":null}}}],"children":[{"message":"required by `anchor_lang::context::Context::<'a, 'b, 'c, 'info, T>::new`","code":null,"level":"note","spans":[{"file_name":"/Users/rahul703/.cargo/registry/src/github.com-1ecc6299db9ec823/anchor-lang-0.25.0/src/context.rs","byte_start":1886,"byte_end":2063,"line_start":51,"line_end":56,"column_start":5,"column_end":14,"is_primary":true,"text":[{"text":"    pub fn new(","highlight_start":5,"highlight_end":16},{"text":"        program_id: &'a Pubkey,","highlight_start":1,"highlight_end":32},{"text":"        accounts: &'b mut T,","highlight_start":1,"highlight_end":29},{"text":"        remaining_accounts: &'c [AccountInfo<'info>],","highlight_start":1,"highlight_end":54},{"text":"        bumps: BTreeMap<String, u8>,","highlight_start":1,"highlight_end":37},{"text":"    ) -> Self {","highlight_start":1,"highlight_end":14}],"label":null,"suggested_replacement":null,"suggestion_applicability":null,"expansion":null}],"children":[],"rendered":null}],"rendered":"\u001b[0m\u001b[1m\u001b[38;5;9merror[E0277]\u001b[0m\u001b[0m\u001b[1m: the trait bound `InitializeBet<'_>: anchor_lang::Accounts<'_>` is not satisfied\u001b[0m\n\u001b[0m  \u001b[0m\u001b[0m\u001b[1m\u001b[38;5;12m--> \u001b[0m\u001b[0mprograms/solana-jackpot/src/lib.rs:6:1\u001b[0m\n\u001b[0m   \u001b[0m\u001b[0m\u001b[1m\u001b[38;5;12m|\u001b[0m\n\u001b[0m\u001b[1m\u001b[38;5;12m6\u001b[0m\u001b[0m  \u001b[0m\u001b[0m\u001b[1m\u001b[38;5;12m| \u001b[0m\u001b[0m#[program]\u001b[0m\n\u001b[0m   \u001b[0m\u001b[0m\u001b[1m\u001b[38;5;12m| \u001b[0m\u001b[0m\u001b[1m\u001b[38;5;9m^^^^^^^^^^\u001b[0m\u001b[0m \u001b[0m\u001b[0m\u001b[1m\u001b[38;5;9mthe trait `anchor_lang::Accounts<'_>` is not implemented for `InitializeBet<'_>`\u001b[0m\n\u001b[0m   \u001b[0m\u001b[0m\u001b[1m\u001b[38;5;12m|\u001b[0m\n\u001b[0m\u001b[1m\u001b[38;5;10mnote\u001b[0m\u001b[0m: required by `anchor_lang::context::Context::<'a, 'b, 'c, 'info, T>::new`\u001b[0m\n\u001b[0m  \u001b[0m\u001b[0m\u001b[1m\u001b[38;5;12m--> \u001b[0m\u001b[0m/Users/rahul703/.cargo/registry/src/github.com-1ecc6299db9ec823/anchor-lang-0.25.0/src/context.rs:51:5\u001b[0m\n\u001b[0m   \u001b[0m\u001b[0m\u001b[1m\u001b[38;5;12m|\u001b[0m\n\u001b[0m\u001b[1m\u001b[38;5;12m51\u001b[0m\u001b[0m \u001b[0m\u001b[0m\u001b[1m\u001b[38;5;12m| \u001b[0m\u001b[0m\u001b[1m\u001b[38;5;10m/\u001b[0m\u001b[0m \u001b[0m\u001b[0m    pub fn new(\u001b[0m\n\u001b[0m\u001b[1m\u001b[38;5;12m52\u001b[0m\u001b[0m \u001b[0m\u001b[0m\u001b[1m\u001b[38;5;12m| \u001b[0m\u001b[0m\u001b[1m\u001b[38;5;10m|\u001b[0m\u001b[0m \u001b[0m\u001b[0m        program_id: &'a Pubkey,\u001b[0m\n\u001b[0m\u001b[1m\u001b[38;5;12m53\u001b[0m\u001b[0m \u001b[0m\u001b[0m\u001b[1m\u001b[38;5;12m| \u001b[0m\u001b[0m\u001b[1m\u001b[38;5;10m|\u001b[0m\u001b[0m \u001b[0m\u001b[0m        accounts: &'b mut T,\u001b[0m\n\u001b[0m\u001b[1m\u001b[38;5;12m54\u001b[0m\u001b[0m \u001b[0m\u001b[0m\u001b[1m\u001b[38;5;12m| \u001b[0m\u001b[0m\u001b[1m\u001b[38;5;10m|\u001b[0m\u001b[0m \u001b[0m\u001b[0m        remaining_accounts: &'c [AccountInfo<'info>],\u001b[0m\n\u001b[0m\u001b[1m\u001b[38;5;12m55\u001b[0m\u001b[0m \u001b[0m\u001b[0m\u001b[1m\u001b[38;5;12m| \u001b[0m\u001b[0m\u001b[1m\u001b[38;5;10m|\u001b[0m\u001b[0m \u001b[0m\u001b[0m        bumps: BTreeMap<String, u8>,\u001b[0m\n\u001b[0m\u001b[1m\u001b[38;5;12m56\u001b[0m\u001b[0m \u001b[0m\u001b[0m\u001b[1m\u001b[38;5;12m| \u001b[0m\u001b[0m\u001b[1m\u001b[38;5;10m|\u001b[0m\u001b[0m \u001b[0m\u001b[0m    ) -> Self {\u001b[0m\n\u001b[0m   \u001b[0m\u001b[0m\u001b[1m\u001b[38;5;12m| \u001b[0m\u001b[0m\u001b[1m\u001b[38;5;10m|_____________^\u001b[0m\n\u001b[0m   \u001b[0m\u001b[0m\u001b[1m\u001b[38;5;12m= \u001b[0m\u001b[0m\u001b[1mnote\u001b[0m\u001b[0m: this error originates in the attribute macro `program` (in Nightly builds, run with -Z macro-backtrace for more info)\u001b[0m\n\n"}
{"message":"no method named `exit` found for struct `InitializeBet` in the current scope","code":{"code":"E0599","explanation":"This error occurs when a method is used on a type which doesn't implement it:\n\nErroneous code example:\n\n```compile_fail,E0599\nstruct Mouth;\n\nlet x = Mouth;\nx.chocolate(); // error: no method named `chocolate` found for type `Mouth`\n               //        in the current scope\n```\n\nIn this case, you need to implement the `chocolate` method to fix the error:\n\n```\nstruct Mouth;\n\nimpl Mouth {\n    fn chocolate(&self) { // We implement the `chocolate` method here.\n        println!(\"Hmmm! I love chocolate!\");\n    }\n}\n\nlet x = Mouth;\nx.chocolate(); // ok!\n```\n"},"level":"error","spans":[{"file_name":"programs/solana-jackpot/src/lib.rs","byte_start":794,"byte_end":825,"line_start":30,"line_end":30,"column_start":1,"column_end":32,"is_primary":false,"text":[{"text":"pub struct InitializeBet<'info> {","highlight_start":1,"highlight_end":32}],"label":"method `exit` not found for this","suggested_replacement":null,"suggestion_applicability":null,"expansion":null},{"file_name":"programs/solana-jackpot/src/lib.rs","byte_start":144,"byte_end":154,"line_start":6,"line_end":6,"column_start":1,"column_end":11,"is_primary":true,"text":[{"text":"#[program]","highlight_start":1,"highlight_end":11}],"label":"method not found in `InitializeBet<'_>`","suggested_replacement":null,"suggestion_applicability":null,"expansion":{"span":{"file_name":"programs/solana-jackpot/src/lib.rs","byte_start":144,"byte_end":154,"line_start":6,"line_end":6,"column_start":1,"column_end":11,"is_primary":false,"text":[{"text":"#[program]","highlight_start":1,"highlight_end":11}],"label":null,"suggested_replacement":null,"suggestion_applicability":null,"expansion":null},"macro_decl_name":"#[program]","def_site_span":{"file_name":"/Users/rahul703/.cargo/registry/src/github.com-1ecc6299db9ec823/anchor-attribute-program-0.25.0/src/lib.rs","byte_start":234,"byte_end":350,"line_start":9,"line_end":12,"column_start":1,"column_end":29,"is_primary":false,"text":[{"text":"pub fn program(","highlight_start":1,"highlight_end":16},{"text":"    _args: proc_macro::TokenStream,","highlight_start":1,"highlight_end":36},{"text":"    input: proc_macro::TokenStream,","highlight_start":1,"highlight_end":36},{"text":") -> proc_macro::TokenStream {","highlight_start":1,"highlight_end":29}],"label":null,"suggested_replacement":null,"suggestion_applicability":null,"expansion":null}}}],"children":[{"message":"items from traits can only be used if the trait is implemented and in scope","code":null,"level":"help","spans":[],"children":[],"rendered":null},{"message":"the following trait defines an item `exit`, perhaps you need to implement it:\ncandidate #1: `anchor_lang::AccountsExit`","code":null,"level":"note","spans":[],"children":[],"rendered":null}],"rendered":"\u001b[0m\u001b[1m\u001b[38;5;9merror[E0599]\u001b[0m\u001b[0m\u001b[1m: no method named `exit` found for struct `InitializeBet` in the current scope\u001b[0m\n\u001b[0m  \u001b[0m\u001b[0m\u001b[1m\u001b[38;5;12m--> \u001b[0m\u001b[0mprograms/solana-jackpot/src/lib.rs:6:1\u001b[0m\n\u001b[0m   \u001b[0m\u001b[0m\u001b[1m\u001b[38;5;12m|\u001b[0m\n\u001b[0m\u001b[1m\u001b[38;5;12m6\u001b[0m\u001b[0m  \u001b[0m\u001b[0m\u001b[1m\u001b[38;5;12m| \u001b[0m\u001b[0m#[program]\u001b[0m\n\u001b[0m   \u001b[0m\u001b[0m\u001b[1m\u001b[38;5;12m| \u001b[0m\u001b[0m\u001b[1m\u001b[38;5;9m^^^^^^^^^^\u001b[0m\u001b[0m \u001b[0m\u001b[0m\u001b[1m\u001b[38;5;9mmethod not found in `InitializeBet<'_>`\u001b[0m\n\u001b[0m\u001b[1m\u001b[38;5;12m...\u001b[0m\n\u001b[0m\u001b[1m\u001b[38;5;12m30\u001b[0m\u001b[0m \u001b[0m\u001b[0m\u001b[1m\u001b[38;5;12m| \u001b[0m\u001b[0mpub struct InitializeBet<'info> {\u001b[0m\n\u001b[0m   \u001b[0m\u001b[0m\u001b[1m\u001b[38;5;12m| \u001b[0m\u001b[0m\u001b[1m\u001b[38;5;12m-------------------------------\u001b[0m\u001b[0m \u001b[0m\u001b[0m\u001b[1m\u001b[38;5;12mmethod `exit` not found for this\u001b[0m\n\u001b[0m   \u001b[0m\u001b[0m\u001b[1m\u001b[38;5;12m|\u001b[0m\n\u001b[0m   \u001b[0m\u001b[0m\u001b[1m\u001b[38;5;12m= \u001b[0m\u001b[0m\u001b[1mhelp\u001b[0m\u001b[0m: items from traits can only be used if the trait is implemented and in scope\u001b[0m\n\u001b[0m   \u001b[0m\u001b[0m\u001b[1m\u001b[38;5;12m= \u001b[0m\u001b[0m\u001b[1mnote\u001b[0m\u001b[0m: the following trait defines an item `exit`, perhaps you need to implement it:\u001b[0m\n\u001b[0m           candidate #1: `anchor_lang::AccountsExit`\u001b[0m\n\u001b[0m   \u001b[0m\u001b[0m\u001b[1m\u001b[38;5;12m= \u001b[0m\u001b[0m\u001b[1mnote\u001b[0m\u001b[0m: this error originates in the attribute macro `program` (in Nightly builds, run with -Z macro-backtrace for more info)\u001b[0m\n\n"}
{"message":"mismatched types","code":{"code":"E0308","explanation":"Expected type did not match the received type.\n\nErroneous code examples:\n\n```compile_fail,E0308\nfn plus_one(x: i32) -> i32 {\n    x + 1\n}\n\nplus_one(\"Not a number\");\n//       ^^^^^^^^^^^^^^ expected `i32`, found `&str`\n\nif \"Not a bool\" {\n// ^^^^^^^^^^^^ expected `bool`, found `&str`\n}\n\nlet x: f32 = \"Not a float\";\n//     ---   ^^^^^^^^^^^^^ expected `f32`, found `&str`\n//     |\n//     expected due to this\n```\n\nThis error occurs when an expression was used in a place where the compiler\nexpected an expression of a different type. It can occur in several cases, the\nmost common being when calling a function and passing an argument which has a\ndifferent type than the matching type in the function declaration.\n"},"level":"error","spans":[{"file_name":"programs/solana-jackpot/src/lib.rs","byte_start":645,"byte_end":650,"line_start":19,"line_end":19,"column_start":32,"column_end":37,"is_primary":true,"text":[{"text":"        betaccount.timestamp = clock;","highlight_start":32,"highlight_end":37}],"label":"expected `i64`, found struct `anchor_lang::prelude::Clock`","suggested_replacement":null,"suggestion_applicability":null,"expansion":null}],"children":[],"rendered":"\u001b[0m\u001b[1m\u001b[38;5;9merror[E0308]\u001b[0m\u001b[0m\u001b[1m: mismatched types\u001b[0m\n\u001b[0m  \u001b[0m\u001b[0m\u001b[1m\u001b[38;5;12m--> \u001b[0m\u001b[0mprograms/solana-jackpot/src/lib.rs:19:32\u001b[0m\n\u001b[0m   \u001b[0m\u001b[0m\u001b[1m\u001b[38;5;12m|\u001b[0m\n\u001b[0m\u001b[1m\u001b[38;5;12m19\u001b[0m\u001b[0m \u001b[0m\u001b[0m\u001b[1m\u001b[38;5;12m| \u001b[0m\u001b[0m        betaccount.timestamp = clock;\u001b[0m\n\u001b[0m   \u001b[0m\u001b[0m\u001b[1m\u001b[38;5;12m| \u001b[0m\u001b[0m                               \u001b[0m\u001b[0m\u001b[1m\u001b[38;5;9m^^^^^\u001b[0m\u001b[0m \u001b[0m\u001b[0m\u001b[1m\u001b[38;5;9mexpected `i64`, found struct `anchor_lang::prelude::Clock`\u001b[0m\n\n"}
{"message":"aborting due to 6 previous errors","code":null,"level":"error","spans":[],"children":[],"rendered":"\u001b[0m\u001b[1m\u001b[38;5;9merror\u001b[0m\u001b[0m\u001b[1m: aborting due to 6 previous errors\u001b[0m\n\n"}
{"message":"Some errors have detailed explanations: E0277, E0308, E0432, E0599.","code":null,"level":"failure-note","spans":[],"children":[],"rendered":"\u001b[0m\u001b[1mSome errors have detailed explanations: E0277, E0308, E0432, E0599.\u001b[0m\n"}
{"message":"For more information about an error, try `rustc --explain E0277`.","code":null,"level":"failure-note","spans":[],"children":[],"rendered":"\u001b[0m\u001b[1mFor more information about an error, try `rustc --explain E0277`.\u001b[0m\n"}
